<?xml version="1.0" encoding="UTF-8"?>
<!-- Generated by org.testng.reporters.JUnitXMLReporter -->
<testsuite ignored="8" hostname="Chamanthi" failures="1" tests="2" name="Test" time="37.395" errors="0" timestamp="2025-12-08T16:22:37 IST">
  <testcase classname="com.Tests.TestPIMPage" name="verifyLoginPage" time="10.479"/>
  <testcase classname="com.Tests.TestPIMPage" name="editEmployeeStatusThenVerify" time="20.489">
    <failure type="java.lang.AssertionError" message="Element &amp;lt;input id=&amp;quot;btnEditPers&amp;quot; class=&amp;quot;editbutton&amp;quot; name=&amp;quot;EditMain&amp;quot; type=&amp;quot;button&amp;quot;&amp;gt; could not be scrolled into view
Build info: version: &amp;apos;4.24.0&amp;apos;, revision: &amp;apos;748ffc9bc3&amp;apos;
System info: os.name: &amp;apos;Windows 11&amp;apos;, os.arch: &amp;apos;amd64&amp;apos;, os.version: &amp;apos;10.0&amp;apos;, java.version: &amp;apos;21.0.9&amp;apos;
Driver info: org.openqa.selenium.firefox.FirefoxDriver
Command: [ef737ad9-fde2-4042-a296-3ee28ce00aca, clickElement {id=9f0aa5fd-4c42-43d5-abe3-e661c8103d2c}]
Capabilities {acceptInsecureCerts: true, browserName: firefox, browserVersion: 145.0.2, moz:accessibilityChecks: false, moz:buildID: 20251124145406, moz:geckodriverVersion: 0.36.0, moz:headless: false, moz:platformVersion: 10.0, moz:processID: 9844, moz:profile: C:\Users\chama\AppData\Loca..., moz:shutdownTimeout: 60000, moz:webdriverClick: true, moz:windowless: false, pageLoadStrategy: normal, platformName: windows, proxy: Proxy(), setWindowRect: true, strictFileInteractability: false, timeouts: {implicit: 0, pageLoad: 300000, script: 30000}, unhandledPromptBehavior: dismiss and notify, userAgent: Mozilla/5.0 (Windows NT 10....}
Element: [[FirefoxDriver: firefox on windows (ef737ad9-fde2-4042-a296-3ee28ce00aca)] -&amp;gt; id: btnEditPers]
Session ID: ef737ad9-fde2-4042-a296-3ee28ce00aca">
      <![CDATA[java.lang.AssertionError: Element <input id="btnEditPers" class="editbutton" name="EditMain" type="button"> could not be scrolled into view
Build info: version: '4.24.0', revision: '748ffc9bc3'
System info: os.name: 'Windows 11', os.arch: 'amd64', os.version: '10.0', java.version: '21.0.9'
Driver info: org.openqa.selenium.firefox.FirefoxDriver
Command: [ef737ad9-fde2-4042-a296-3ee28ce00aca, clickElement {id=9f0aa5fd-4c42-43d5-abe3-e661c8103d2c}]
Capabilities {acceptInsecureCerts: true, browserName: firefox, browserVersion: 145.0.2, moz:accessibilityChecks: false, moz:buildID: 20251124145406, moz:geckodriverVersion: 0.36.0, moz:headless: false, moz:platformVersion: 10.0, moz:processID: 9844, moz:profile: C:\Users\chama\AppData\Loca..., moz:shutdownTimeout: 60000, moz:webdriverClick: true, moz:windowless: false, pageLoadStrategy: normal, platformName: windows, proxy: Proxy(), setWindowRect: true, strictFileInteractability: false, timeouts: {implicit: 0, pageLoad: 300000, script: 30000}, unhandledPromptBehavior: dismiss and notify, userAgent: Mozilla/5.0 (Windows NT 10....}
Element: [[FirefoxDriver: firefox on windows (ef737ad9-fde2-4042-a296-3ee28ce00aca)] -> id: btnEditPers]
Session ID: ef737ad9-fde2-4042-a296-3ee28ce00aca
at com.Util.TestNGUtility.assertFail(TestNGUtility.java:22)
at com.Util.CommonUtils.clickElement(CommonUtils.java:109)
at com.Tests.TestPIMPage.editEmployeeStatusThenVerify(TestPIMPage.java:247)
at java.base/java.util.ArrayList.forEach(ArrayList.java:1596)
... Removed 26 stack frames]]>
    </failure>
  </testcase> <!-- editEmployeeStatusThenVerify -->
  <testcase classname="com.Tests.TestPIMPage" name="searchEmployee" time="0.0">
    <ignored/>
  </testcase> <!-- searchEmployee -->
  <testcase classname="com.Tests.TestPIMPage" name="editEmployeeThenVerify" time="0.0">
    <ignored/>
  </testcase> <!-- editEmployeeThenVerify -->
  <testcase classname="com.Tests.TestPIMPage" name="addMultipleEmployeesUsingExcel" time="0.0">
    <ignored/>
  </testcase> <!-- addMultipleEmployeesUsingExcel -->
  <testcase classname="com.Tests.TestPIMPage" name="deleteEmployeeThenVerify" time="0.0">
    <ignored/>
  </testcase> <!-- deleteEmployeeThenVerify -->
  <testcase classname="com.Tests.TestPIMPage" name="searchEmployeeThenVerify" time="0.0">
    <ignored/>
  </testcase> <!-- searchEmployeeThenVerify -->
  <testcase classname="com.Tests.TestPIMPage" name="viewEmployeeList" time="0.0">
    <ignored/>
  </testcase> <!-- viewEmployeeList -->
  <testcase classname="com.Tests.TestPIMPage" name="addEmployeeThenVerify" time="0.0">
    <ignored/>
  </testcase> <!-- addEmployeeThenVerify -->
  <testcase classname="com.Tests.TestPIMPage" name="addEmployeePhotoThenVerify" time="0.0">
    <ignored/>
  </testcase> <!-- addEmployeePhotoThenVerify -->
</testsuite> <!-- Test -->
