<?xml version="1.0" encoding="UTF-8"?>
<!-- Generated by org.testng.reporters.JUnitReportReporter -->
<testsuite hostname="Chamanthi" failures="1" tests="10" name="com.Tests.TestPIMPage" time="49.436" errors="0" timestamp="2025-12-08T18:06:00 IST" skipped="8">
  <testcase classname="com.Tests.TestPIMPage" name="verifyLoginPage" time="11.066"/>
  <testcase classname="com.Tests.TestPIMPage" name="editEmployeeStatusThenVerify" time="38.370">
    <failure message="Unable to locate element: /html/body/div/div[2]/form/table/tbody/tr/td[5]/a
For documentation on this error, please visit: https://www.selenium.dev/documentation/webdriver/troubleshooting/errors#no-such-element-exception
Build info: version: &#039;4.24.0&#039;, revision: &#039;748ffc9bc3&#039;
System info: os.name: &#039;Windows 11&#039;, os.arch: &#039;amd64&#039;, os.version: &#039;10.0&#039;, java.version: &#039;21.0.9&#039;
Driver info: org.openqa.selenium.firefox.FirefoxDriver
Command: [179d6e2e-8fd8-43ce-9b75-3bae0920a518, findElement {using=xpath, value=/html/body/div/div[2]/form/table/tbody/tr/td[5]/a}]
Capabilities {acceptInsecureCerts: true, browserName: firefox, browserVersion: 145.0.2, moz:accessibilityChecks: false, moz:buildID: 20251124145406, moz:geckodriverVersion: 0.36.0, moz:headless: false, moz:platformVersion: 10.0, moz:processID: 24720, moz:profile: C:\Users\chama\AppData\Loca..., moz:shutdownTimeout: 60000, moz:webdriverClick: true, moz:windowless: false, pageLoadStrategy: normal, platformName: windows, proxy: Proxy(), setWindowRect: true, strictFileInteractability: false, timeouts: {implicit: 0, pageLoad: 300000, script: 30000}, unhandledPromptBehavior: dismiss and notify, userAgent: Mozilla/5.0 (Windows NT 10....}
Session ID: 179d6e2e-8fd8-43ce-9b75-3bae0920a518" type="java.lang.AssertionError">
      <![CDATA[java.lang.AssertionError: Unable to locate element: /html/body/div/div[2]/form/table/tbody/tr/td[5]/a
For documentation on this error, please visit: https://www.selenium.dev/documentation/webdriver/troubleshooting/errors#no-such-element-exception
Build info: version: '4.24.0', revision: '748ffc9bc3'
System info: os.name: 'Windows 11', os.arch: 'amd64', os.version: '10.0', java.version: '21.0.9'
Driver info: org.openqa.selenium.firefox.FirefoxDriver
Command: [179d6e2e-8fd8-43ce-9b75-3bae0920a518, findElement {using=xpath, value=/html/body/div/div[2]/form/table/tbody/tr/td[5]/a}]
Capabilities {acceptInsecureCerts: true, browserName: firefox, browserVersion: 145.0.2, moz:accessibilityChecks: false, moz:buildID: 20251124145406, moz:geckodriverVersion: 0.36.0, moz:headless: false, moz:platformVersion: 10.0, moz:processID: 24720, moz:profile: C:\Users\chama\AppData\Loca..., moz:shutdownTimeout: 60000, moz:webdriverClick: true, moz:windowless: false, pageLoadStrategy: normal, platformName: windows, proxy: Proxy(), setWindowRect: true, strictFileInteractability: false, timeouts: {implicit: 0, pageLoad: 300000, script: 30000}, unhandledPromptBehavior: dismiss and notify, userAgent: Mozilla/5.0 (Windows NT 10....}
Session ID: 179d6e2e-8fd8-43ce-9b75-3bae0920a518
at org.testng.Assert.fail(Assert.java:111)
at com.Util.TestNGUtility.assertFail(TestNGUtility.java:22)
at com.Util.CommonUtils.findElement(CommonUtils.java:79)
at com.Util.CommonUtils.getElementText(CommonUtils.java:117)
at com.Tests.TestPIMPage.editEmployeeStatusThenVerify(TestPIMPage.java:257)
at java.base/jdk.internal.reflect.DirectMethodHandleAccessor.invoke(DirectMethodHandleAccessor.java:103)
at java.base/java.lang.reflect.Method.invoke(Method.java:580)
at org.testng.internal.invokers.MethodInvocationHelper.invokeMethod(MethodInvocationHelper.java:139)
at org.testng.internal.invokers.TestInvoker.invokeMethod(TestInvoker.java:664)
at org.testng.internal.invokers.TestInvoker.invokeTestMethod(TestInvoker.java:228)
at org.testng.internal.invokers.MethodRunner.runInSequence(MethodRunner.java:63)
at org.testng.internal.invokers.TestInvoker$MethodInvocationAgent.invoke(TestInvoker.java:961)
at org.testng.internal.invokers.TestInvoker.invokeTestMethods(TestInvoker.java:201)
at org.testng.internal.invokers.TestMethodWorker.invokeTestMethods(TestMethodWorker.java:148)
at org.testng.internal.invokers.TestMethodWorker.run(TestMethodWorker.java:128)
at java.base/java.util.ArrayList.forEach(ArrayList.java:1596)
at org.testng.TestRunner.privateRun(TestRunner.java:819)
at org.testng.TestRunner.run(TestRunner.java:619)
at org.testng.SuiteRunner.runTest(SuiteRunner.java:443)
at org.testng.SuiteRunner.runSequentially(SuiteRunner.java:437)
at org.testng.SuiteRunner.privateRun(SuiteRunner.java:397)
at org.testng.SuiteRunner.run(SuiteRunner.java:336)
at org.testng.SuiteRunnerWorker.runSuite(SuiteRunnerWorker.java:52)
at org.testng.SuiteRunnerWorker.run(SuiteRunnerWorker.java:95)
at org.testng.TestNG.runSuitesSequentially(TestNG.java:1301)
at org.testng.TestNG.runSuitesLocally(TestNG.java:1228)
at org.testng.TestNG.runSuites(TestNG.java:1134)
at org.testng.TestNG.run(TestNG.java:1101)
at org.testng.remote.AbstractRemoteTestNG.run(AbstractRemoteTestNG.java:115)
at org.testng.remote.RemoteTestNG.initAndRun(RemoteTestNG.java:293)
at org.testng.remote.RemoteTestNG.main(RemoteTestNG.java:91)
]]>
    </failure>
  </testcase> <!-- editEmployeeStatusThenVerify -->
  <testcase classname="com.Tests.TestPIMPage" name="deleteEmployeeThenVerify">
    <skipped/>
  </testcase> <!-- deleteEmployeeThenVerify -->
  <testcase classname="com.Tests.TestPIMPage" name="viewEmployeeList">
    <skipped/>
  </testcase> <!-- viewEmployeeList -->
  <testcase classname="com.Tests.TestPIMPage" name="addEmployeePhotoThenVerify">
    <skipped/>
  </testcase> <!-- addEmployeePhotoThenVerify -->
  <testcase classname="com.Tests.TestPIMPage" name="addMultipleEmployeesUsingExcel">
    <skipped/>
  </testcase> <!-- addMultipleEmployeesUsingExcel -->
  <testcase classname="com.Tests.TestPIMPage" name="addEmployeeThenVerify">
    <skipped/>
  </testcase> <!-- addEmployeeThenVerify -->
  <testcase classname="com.Tests.TestPIMPage" name="editEmployeeThenVerify">
    <skipped/>
  </testcase> <!-- editEmployeeThenVerify -->
  <testcase classname="com.Tests.TestPIMPage" name="searchEmployeeThenVerify">
    <skipped/>
  </testcase> <!-- searchEmployeeThenVerify -->
  <testcase classname="com.Tests.TestPIMPage" name="searchEmployee">
    <skipped/>
  </testcase> <!-- searchEmployee -->
</testsuite> <!-- com.Tests.TestPIMPage -->
